<?xml version="1.0" encoding="UTF-8"?>
<testsuite name="Day01Test" tests="2" skipped="0" failures="0" errors="0" timestamp="2022-12-05T20:25:50" hostname="leon-desktop" time="0.033">
  <properties/>
  <testcase name="solveDay01A_topSummed()" classname="Day01Test" time="0.031"/>
  <testcase name="solveDay01B_topThreeTotalsSummed()" classname="Day01Test" time="0.002"/>
  <system-out><![CDATA[]]></system-out>
  <system-err><![CDATA[]]></system-err>
</testsuite>
